<?xml version="1.0" encoding="UTF-8"?>
<!-- Generated by org.testng.reporters.JUnitReportReporter -->
<testsuite skipped="0" hostname="DESKTOP-C2KOF2B" name="homework.HomeWork_Five" tests="1" failures="0" timestamp="13 Feb 2020 18:18:38 GMT" time="16.158" errors="0">
  <testcase name="userShouldBeAbleToAddDeposite" time="16.158" classname="homework.HomeWork_Five"/>
</testsuite> <!-- homework.HomeWork_Five -->
